<?xml version="1.0" encoding="UTF-8"?>
<!-- Generated by org.testng.reporters.JUnitReportReporter -->
<testsuite hostname="DESKTOP-C61U6HK" failures="0" tests="1" name="pac1.HowToGetTitleAndCurrentUrl" time="1.077" errors="0" timestamp="24 Nov 2018 23:07:16 GMT" skipped="0">
  <testcase classname="pac1.HowToGetTitleAndCurrentUrl" name="TitleAndCurrentUrl" time="1.077"/>
</testsuite> <!-- pac1.HowToGetTitleAndCurrentUrl -->
