<?xml version="1.0" encoding="UTF-8"?>
<!-- Generated by org.testng.reporters.JUnitReportReporter -->
<testsuite hostname="DESKTOP-C61U6HK" failures="0" tests="1" name="pac1.WindowHandling" time="4.752" errors="0" timestamp="02 Jan 2019 23:35:26 GMT" skipped="0">
  <testcase classname="pac1.WindowHandling" name="Windowhandle" time="4.752"/>
</testsuite> <!-- pac1.WindowHandling -->
