<?xml version="1.0" encoding="UTF-8"?>
<!-- Generated by org.testng.reporters.JUnitReportReporter -->
<testsuite hostname="DESKTOP-C61U6HK" failures="0" tests="1" name="pac1.HowtoHandlesubmn2" time="1.009" errors="0" timestamp="21 Nov 2018 01:01:55 GMT" skipped="0">
  <testcase classname="pac1.HowtoHandlesubmn2" name="Handlesubmenu2" time="1.009"/>
</testsuite> <!-- pac1.HowtoHandlesubmn2 -->
