<?xml version="1.0" encoding="UTF-8"?>
<!-- Generated by org.testng.reporters.JUnitReportReporter -->
<testsuite hostname="DESKTOP-C61U6HK" failures="0" tests="1" name="pac1.HowToDoubleClick" time="4.611" errors="0" timestamp="28 Dec 2018 01:33:26 GMT" skipped="0">
  <testcase classname="pac1.HowToDoubleClick" name="doubleClick" time="4.611"/>
</testsuite> <!-- pac1.HowToDoubleClick -->
