<?xml version="1.0" encoding="UTF-8"?>
<!-- Generated by org.testng.reporters.JUnitReportReporter -->
<testsuite hostname="DESKTOP-C61U6HK" failures="0" tests="1" name="pac1.HowToGetText2" time="0.171" errors="0" timestamp="24 Nov 2018 23:47:35 GMT" skipped="0">
  <testcase classname="pac1.HowToGetText2" name="gettext" time="0.171"/>
</testsuite> <!-- pac1.HowToGetText2 -->
