<?xml version="1.0" encoding="UTF-8"?>
<!-- Generated by org.testng.reporters.JUnitReportReporter -->
<testsuite hostname="DESKTOP-C61U6HK" failures="0" tests="1" name="pac1.HowtoHandleSubmenu" time="7.774" errors="0" timestamp="11 Feb 2019 19:54:02 GMT" skipped="0">
  <testcase classname="pac1.HowtoHandleSubmenu" name="HandleSubmenu" time="7.774"/>
</testsuite> <!-- pac1.HowtoHandleSubmenu -->
