<?xml version="1.0" encoding="UTF-8"?>
<!-- Generated by org.testng.reporters.JUnitReportReporter -->
<testsuite hostname="DESKTOP-C61U6HK" failures="0" tests="1" name="pac1.HowToFileUpload" time="4.146" errors="0" timestamp="08 Feb 2019 00:52:17 GMT" skipped="0">
  <testcase classname="pac1.HowToFileUpload" name="FileUpload" time="4.146"/>
</testsuite> <!-- pac1.HowToFileUpload -->
