<?xml version="1.0" encoding="UTF-8"?>
<!-- Generated by org.testng.reporters.JUnitReportReporter -->
<testsuite hostname="DESKTOP-C61U6HK" failures="0" tests="1" name="pageObject32ndPart.SecondPartpageOBJ" time="14.060" errors="0" timestamp="07 Dec 2018 20:07:55 GMT" skipped="0">
  <testcase classname="pageObject32ndPart.SecondPartpageOBJ" name="verifyobjectpage" time="14.060"/>
</testsuite> <!-- pageObject32ndPart.SecondPartpageOBJ -->
