<?xml version="1.0" encoding="UTF-8"?>
<!-- Generated by org.testng.reporters.JUnitReportReporter -->
<testsuite hostname="DESKTOP-C61U6HK" failures="0" tests="1" name="pac1.HowToUseVarify" time="22.224" errors="0" timestamp="29 Jan 2019 00:25:29 GMT" skipped="0">
  <testcase classname="pac1.HowToUseVarify" name="TextVirify" time="22.224"/>
</testsuite> <!-- pac1.HowToUseVarify -->
