<?xml version="1.0" encoding="UTF-8"?>
<!-- Generated by org.testng.reporters.JUnitReportReporter -->
<testsuite hostname="DESKTOP-C61U6HK" failures="0" tests="1" name="pac1.HandleSubmenU3" time="3.967" errors="0" timestamp="21 Nov 2018 01:42:55 GMT" skipped="0">
  <testcase classname="pac1.HandleSubmenU3" name="Submenu3" time="3.967"/>
</testsuite> <!-- pac1.HandleSubmenU3 -->
