<?xml version="1.0" encoding="UTF-8"?>
<!-- Generated by org.testng.reporters.JUnitReportReporter -->
<testsuite hostname="DESKTOP-C61U6HK" failures="0" tests="1" name="pac1.HowToHandleRadioButton" time="0.009" errors="0" timestamp="25 Nov 2018 01:21:58 GMT" skipped="0">
  <testcase classname="pac1.HowToHandleRadioButton" name="radiobutton" time="0.009"/>
</testsuite> <!-- pac1.HowToHandleRadioButton -->
