<?xml version="1.0" encoding="UTF-8"?>
<!-- Generated by org.testng.reporters.JUnitReportReporter -->
<testsuite hostname="DESKTOP-C61U6HK" failures="0" tests="1" name="pageobject2.PageObjModl2" time="15.798" errors="0" timestamp="03 Dec 2018 04:01:56 GMT" skipped="0">
  <testcase classname="pageobject2.PageObjModl2" name="verifyValidLogin" time="15.798"/>
</testsuite> <!-- pageobject2.PageObjModl2 -->
