<?xml version="1.0" encoding="UTF-8"?>
<!-- Generated by org.testng.reporters.JUnitReportReporter -->
<testsuite hostname="DESKTOP-C61U6HK" failures="0" tests="1" name="pac1.HowToTakeScreenShot" time="9.232" errors="0" timestamp="08 Jan 2019 00:57:14 GMT" skipped="0">
  <testcase classname="pac1.HowToTakeScreenShot" name="screenShotTest" time="9.232"/>
</testsuite> <!-- pac1.HowToTakeScreenShot -->
