<?xml version="1.0" encoding="UTF-8"?>
<!-- Generated by org.testng.reporters.JUnitReportReporter -->
<testsuite hostname="DESKTOP-C61U6HK" failures="0" tests="1" name="pac1.BankrateWithSubmenu" time="17.216" errors="0" timestamp="10 Jan 2019 00:40:33 GMT" skipped="0">
  <testcase classname="pac1.BankrateWithSubmenu" name="SubmenuHdl" time="17.216"/>
</testsuite> <!-- pac1.BankrateWithSubmenu -->
