<?xml version="1.0" encoding="UTF-8"?>
<!-- Generated by org.testng.reporters.JUnitReportReporter -->
<testsuite hostname="DESKTOP-C61U6HK" failures="0" tests="1" name="Pak2.HowToVerifyImage" time="4.212" errors="0" timestamp="10 Jan 2019 00:18:56 GMT" skipped="0">
  <testcase classname="Pak2.HowToVerifyImage" name="ImageVerify" time="4.212"/>
</testsuite> <!-- Pak2.HowToVerifyImage -->
