<?xml version="1.0" encoding="UTF-8"?>
<!-- Generated by org.testng.reporters.JUnitReportReporter -->
<testsuite hostname="DESKTOP-C61U6HK" failures="0" tests="1" name="pac1.HowtoRightClick1" time="0.633" errors="0" timestamp="05 Dec 2018 01:46:47 GMT" skipped="0">
  <testcase classname="pac1.HowtoRightClick1" name="HowtohandleRightClick" time="0.633"/>
</testsuite> <!-- pac1.HowtoRightClick1 -->
