<?xml version="1.0" encoding="UTF-8"?>
<!-- Generated by org.testng.reporters.JUnitReportReporter -->
<testsuite hostname="DESKTOP-C61U6HK" failures="0" tests="1" name="pac1.HowToGetTittle2" time="0.061" errors="0" timestamp="24 Nov 2018 23:27:18 GMT" skipped="0">
  <testcase classname="pac1.HowToGetTittle2" name="gettittle2" time="0.061"/>
</testsuite> <!-- pac1.HowToGetTittle2 -->
