<?xml version="1.0" encoding="UTF-8"?>
<!-- Generated by org.testng.reporters.JUnitReportReporter -->
<testsuite hostname="DESKTOP-C61U6HK" failures="0" tests="1" name="pac1.Alerthandle" time="0.559" errors="0" timestamp="28 Dec 2018 02:30:46 GMT" skipped="0">
  <testcase classname="pac1.Alerthandle" name="Alerthandles" time="0.559"/>
</testsuite> <!-- pac1.Alerthandle -->
